/*C32*/SET SCHEMA PUBLIC
DISCONNECT
/*C5*/SET SCHEMA PUBLIC
DROP TABLE PUBLIC.T2K_DEFAULT_SKILL\u000d\u000a
/*C33*/SET SCHEMA PUBLIC
DISCONNECT
/*C34*/SET SCHEMA PUBLIC
CREATE TABLE t2k_default_skill (id INTEGER NOT NULL, level INTEGER, SKILL_ID INTEGER, PRIMARY KEY (id))
CREATE INDEX I_T2K_KLL_SKILL ON t2k_default_skill (SKILL_ID)
DISCONNECT
/*C35*/SET SCHEMA PUBLIC
DISCONNECT
/*C36*/SET SCHEMA PUBLIC
DISCONNECT
/*C37*/SET SCHEMA PUBLIC
DISCONNECT
/*C38*/SET SCHEMA PUBLIC
CREATE TABLE T2kNativeLanguage (id INTEGER NOT NULL, target_number INTEGER, LANGUAGESKILL_ID INTEGER, PRIMARY KEY (id))
CREATE TABLE t2k_nationality_T2kNativeLanguage (T2KNATIONALITY_ID INTEGER, NATIVELANGUAGES_ID INTEGER)
CREATE INDEX I_T2KNNGG_LANGUAGESKILL ON T2kNativeLanguage (LANGUAGESKILL_ID)
CREATE INDEX I_T2K_NGG_ELEMENT ON t2k_nationality_T2kNativeLanguage (NATIVELANGUAGES_ID)
CREATE INDEX I_T2K_NGG_T2KNATIONALITY_ID ON t2k_nationality_T2kNativeLanguage (T2KNATIONALITY_ID)
DISCONNECT
/*C39*/SET SCHEMA PUBLIC
DISCONNECT
/*C40*/SET SCHEMA PUBLIC
DISCONNECT
/*C5*/DROP TABLE PUBLIC.T2KNATIVELANGUAGE\u000d\u000a
/*C41*/SET SCHEMA PUBLIC
DISCONNECT
/*C42*/SET SCHEMA PUBLIC
CREATE TABLE t2k_nationality_t2k_native_language (T2KNATIONALITY_ID INTEGER, NATIVELANGUAGES_ID INTEGER)
CREATE TABLE t2k_native_language (id INTEGER NOT NULL, target_number INTEGER, LANGUAGESKILL_ID INTEGER, PRIMARY KEY (id))
/*C5*/DROP TABLE PUBLIC.T2K_NATIVE_LANGUAGE\u000d\u000a
DROP TABLE PUBLIC.T2K_NATIONALITY_T2KNATIVELANGUAGE\u000d\u000a
/*C42*/DISCONNECT
/*C43*/SET SCHEMA PUBLIC
DISCONNECT
/*C44*/SET SCHEMA PUBLIC
CREATE TABLE t2k_native_language (id INTEGER NOT NULL, target_number INTEGER, LANGUAGESKILL_ID INTEGER, PRIMARY KEY (id))
CREATE INDEX I_T2K_NGG_LANGUAGESKILL ON t2k_native_language (LANGUAGESKILL_ID)
DISCONNECT
/*C45*/SET SCHEMA PUBLIC
DISCONNECT
/*C46*/SET SCHEMA PUBLIC
DELETE FROM T2K_USER WHERE ID=1
INSERT INTO T2K_USER VALUES(1,'2016-09-07 07:42:07.554000','test@test.com','Jack','2016-09-08 09:11:28.064000','Bauer','2016-09-07 07:42:07.554000',1,NULL,2,'jb',3)
SET SCHEMA SYSTEM_LOBS
DELETE FROM LOB_IDS WHERE LOB_ID=1
INSERT INTO LOB_IDS VALUES(1,64,0,30)
DELETE FROM LOB_IDS WHERE LOB_ID=2
INSERT INTO LOB_IDS VALUES(2,16,0,30)
DELETE FROM LOB_IDS WHERE LOB_ID=3
INSERT INTO LOB_IDS VALUES(3,355,0,30)
DELETE FROM LOB_IDS WHERE LOB_ID=1
INSERT INTO LOB_IDS VALUES(1,64,1,30)
DELETE FROM LOB_IDS WHERE LOB_ID=2
INSERT INTO LOB_IDS VALUES(2,16,1,30)
DELETE FROM LOB_IDS WHERE LOB_ID=3
INSERT INTO LOB_IDS VALUES(3,355,1,30)
COMMIT
/*C47*/SET SCHEMA PUBLIC
DISCONNECT
/*C48*/SET SCHEMA PUBLIC
DISCONNECT
/*C49*/SET SCHEMA PUBLIC
DISCONNECT
